<?xml version="1.0" encoding="UTF-8"?>
<testsuite name="com.slissner.springai.infrastructure.DocumentReaderTest" tests="1" skipped="0" failures="0" errors="0" timestamp="2025-11-28T14:35:38.982Z" hostname="samuel-macbook.local" time="1.334">
  <properties/>
  <testcase name="loadText()" classname="com.slissner.springai.infrastructure.DocumentReaderTest" time="1.334"/>
  <system-out><![CDATA[15:35:40.297 [Test worker] WARN org.apache.pdfbox.pdfparser.BaseParser -- Empty COSName at offset 218336
]]></system-out>
  <system-err><![CDATA[]]></system-err>
</testsuite>
